{"sessionId": "9a4852", "location": "pidk_data.py:build_pidk_payload", "message": "step_sizer_matrix_before", "data": {"hypothesisId": "H2"}, "timestamp": 1771865693818.7078}
{"sessionId": "9a4852", "location": "pidk_data.py:_refresh_cache_pidk_today", "message": "pidk_error", "data": {"h": "traceback", "error": "unsupported operand type(s) for /: 'decimal.Decimal' and 'float'", "traceback": "Traceback (most recent call last):\n  File \"C:\\Users\\natha\\OneDrive\\Desktop\\dash_app_cursor\\dashapp\\venv_dbt\\Lib\\site-packages\\pandas\\core\\ops\\array_ops.py\", line 220, in _na_arithmetic_op\n    result = func(left, right)\n             ^^^^^^^^^^^^^^^^^\n  File \"C:\\Users\\natha\\OneDrive\\Desktop\\dash_app_cursor\\dashapp\\venv_dbt\\Lib\\site-packages\\pandas\\core\\computation\\expressions.py\", line 243, in evaluate\n    return _evaluate(op, op_str, left_op, right_op)  # type: ignore[misc]\n           ^^^^^^^^^^^^^^^^^^^^^^^^^^^^^^^^^^^^^^^^\n  File \"C:\\Users\\natha\\OneDrive\\Desktop\\dash_app_cursor\\dashapp\\venv_dbt\\Lib\\site-packages\\pandas\\core\\computation\\expressions.py\", line 74, in _evaluate_standard\n    return op(left_op, right_op)\n           ^^^^^^^^^^^^^^^^^^^^^\nTypeError: unsupported operand type(s) for /: 'decimal.Decimal' and 'float'\n\nDuring handling of the above exception, another exception occurred:\n\nTraceback (most recent call last):\n  File \"C:\\Users\\natha\\OneDrive\\Desktop\\dash_app_cursor\\dashapp\\services\\pidk_data.py\", line 777, in _refresh_cache_pidk_today\n    pidk_cache[\"TODAY\"] = build_pidk_payload(\"TODAY\")\n                          ^^^^^^^^^^^^^^^^^^^^^^^^^^^\n  File \"C:\\Users\\natha\\OneDrive\\Desktop\\dash_app_cursor\\dashapp\\services\\pidk_data.py\", line 736, in build_pidk_payload\n    payload[\"sizer_matrix\"] = build_sizer_matrix_table(drops_all)\n                              ^^^^^^^^^^^^^^^^^^^^^^^^^^^^^^^^^^^\n  File \"C:\\Users\\natha\\OneDrive\\Desktop\\dash_app_cursor\\dashapp\\services\\pidk_data.py\", line 350, in build_sizer_matrix_table\n    pct_pivot, row_totals, col_totals = build_sizer_matrix(drops_df)\n                                        ^^^^^^^^^^^^^^^^^^^^^^^^^^^^\n  File \"C:\\Users\\natha\\OneDrive\\Desktop\\dash_app_cursor\\dashapp\\utils\\sizer.py\", line 63, in build_sizer_matrix\n    pivot_float = pivot.astype(float)\n                ^^^^^^^^^^^^^^^^^^^^\n  File \"C:\\Users\\natha\\OneDrive\\Desktop\\dash_app_cursor\\dashapp\\venv_dbt\\Lib\\site-packages\\pandas\\core\\ops\\common.py\", line 85, in new_method\n    return method(self, other)\n           ^^^^^^^^^^^^^^^^^^^\n  File \"C:\\Users\\natha\\OneDrive\\Desktop\\dash_app_cursor\\dashapp\\venv_dbt\\Lib\\site-packages\\pandas\\core\\arraylike.py\", line 214, in __truediv__\n    return self._arith_method(other, operator.truediv)\n           ^^^^^^^^^^^^^^^^^^^^^^^^^^^^^^^^^^^^^^^^^^^\n  File \"C:\\Users\\natha\\OneDrive\\Desktop\\dash_app_cursor\\dashapp\\venv_dbt\\Lib\\site-packages\\pandas\\core\\frame.py\", line 9139, in _arith_method\n    new_data = self._dispatch_frame_op(other, op, axis=axis)\n               ^^^^^^^^^^^^^^^^^^^^^^^^^^^^^^^^^^^^^^^^^^^^^\n  File \"C:\\Users\\natha\\OneDrive\\Desktop\\dash_app_cursor\\dashapp\\venv_dbt\\Lib\\site-packages\\pandas\\core\\frame.py\", line 9171, in _dispatch_frame_op\n    bm = self._mgr.apply(array_op, right=right)\n         ^^^^^^^^^^^^^^^^^^^^^^^^^^^^^^^^^^^^^^\n  File \"C:\\Users\\natha\\OneDrive\\Desktop\\dash_app_cursor\\dashapp\\venv_dbt\\Lib\\site-packages\\pandas\\core\\internals\\managers.py\", line 440, in apply\n    applied = b.apply(f, **kwargs)\n              ^^^^^^^^^^^^^^^^^^^^\n  File \"C:\\Users\\natha\\OneDrive\\Desktop\\dash_app_cursor\\dashapp\\venv_dbt\\Lib\\site-packages\\pandas\\core\\internals\\blocks.py\", line 347, in apply\n    result = func(self.values, **kwargs)\n             ^^^^^^^^^^^^^^^^^^^^^^^^^^^\n  File \"C:\\Users\\natha\\OneDrive\\Desktop\\dash_app_cursor\\dashapp\\venv_dbt\\Lib\\site-packages\\pandas\\core\\ops\\array_ops.py\", line 289, in arithmetic_op\n    res_values = _na_arithmetic_op(left, right, op)  # type: ignore[arg-type]\n                 ^^^^^^^^^^^^^^^^^^^^^^^^^^^^^^^^^^\n  File \"C:\\Users\\natha\\OneDrive\\Desktop\\dash_app_cursor\\dashapp\\venv_dbt\\Lib\\site-packages\\pandas\\core\\ops\\array_ops.py\", line 229, in _na_arithmetic_op\n    result = _masked_arith_op(left, right, op)\n             ^^^^^^^^^^^^^^^^^^^^^^^^^^^^^^^^^\n  File \"C:\\Users\\natha\\OneDrive\\Desktop\\dash_app_cursor\\dashapp\\venv_dbt\\Lib\\site-packages\\pandas\\core\\ops\\array_ops.py\", line 184, in _masked_arith_op\n    result[mask] = op(xrav[mask], y)\n                   ^^^^^^^^^^^^^^^^^\nTypeError: unsupported operand type(s) for /: 'decimal.Decimal' and 'float'\n"}, "timestamp": 1771865693831.422}
{"sessionId": "9a4852", "location": "pidk_data.py:_refresh_cache_pidk_today", "message": "build_pidk_payload_start", "data": {"h": "entry"}, "timestamp": 1771865760747.5693}
{"sessionId": "9a4852", "location": "pidk_data.py:build_pidk_payload", "message": "step_run_totals", "data": {"hypothesisId": "H1"}, "timestamp": 1771865760747.5693}
{"sessionId": "9a4852", "location": "pidk_data.py:build_pidk_payload", "message": "step_run_table", "data": {"hypothesisId": "H2"}, "timestamp": 1771865776229.0938}
{"sessionId": "9a4852", "location": "pidk_data.py:build_pidk_payload", "message": "step_shift_table", "data": {"hypothesisId": "H2"}, "timestamp": 1771865776231.8035}
{"sessionId": "9a4852", "location": "pidk_data.py:build_pidk_payload", "message": "step_employee_before", "data": {"hypothesisId": "H3"}, "timestamp": 1771865782499.9626}
{"sessionId": "9a4852", "location": "pidk_data.py:build_pidk_payload", "message": "step_employee_done", "data": {"hypothesisId": "H3"}, "timestamp": 1771865782505.7095}
{"sessionId": "9a4852", "location": "pidk_data.py:build_pidk_payload", "message": "step_package_type_before", "data": {"hypothesisId": "H1"}, "timestamp": 1771865785628.8784}
{"sessionId": "9a4852", "location": "pidk_data.py:build_pidk_payload", "message": "step_package_type_done", "data": {"hypothesisId": "H1"}, "timestamp": 1771865785630.8894}
{"sessionId": "9a4852", "location": "pidk_data.py:_refresh_cache_pidk_today", "message": "build_pidk_payload_start", "data": {"h": "entry"}, "timestamp": 1771865792086.0276}
{"sessionId": "9a4852", "location": "pidk_data.py:build_pidk_payload", "message": "step_run_totals", "data": {"hypothesisId": "H1"}, "timestamp": 1771865792086.0276}
{"sessionId": "9a4852", "location": "pidk_data.py:build_pidk_payload", "message": "step_sizer_matrix_before", "data": {"hypothesisId": "H2"}, "timestamp": 1771865806816.1362}
{"sessionId": "9a4852", "location": "pidk_data.py:build_pidk_payload", "message": "step_sizer_matrix_done", "data": {"hypothesisId": "H2"}, "timestamp": 1771865806832.3774}
{"sessionId": "9a4852", "location": "pidk_data.py:build_pidk_payload", "message": "step_run_table", "data": {"hypothesisId": "H2"}, "timestamp": 1771865813004.1577}
{"sessionId": "9a4852", "location": "pidk_data.py:build_pidk_payload", "message": "step_shift_table", "data": {"hypothesisId": "H2"}, "timestamp": 1771865813009.1855}
{"sessionId": "9a4852", "location": "pidk_data.py:build_pidk_payload", "message": "step_bph_before", "data": {"hypothesisId": "H4"}, "timestamp": 1771865813606.0054}
{"sessionId": "9a4852", "location": "pidk_data.py:build_pidk_payload", "message": "step_bph_done", "data": {"hypothesisId": "H4"}, "timestamp": 1771865813627.0747}
{"sessionId": "9a4852", "location": "pidk_data.py:_refresh_cache_pidk_today", "message": "build_pidk_payload_done", "data": {"h": "success"}, "timestamp": 1771865813627.0747}
{"sessionId": "9a4852", "location": "pidk_data.py:build_pidk_payload", "message": "step_employee_before", "data": {"hypothesisId": "H3"}, "timestamp": 1771865819399.2366}
{"sessionId": "9a4852", "location": "pidk_data.py:build_pidk_payload", "message": "step_employee_done", "data": {"hypothesisId": "H3"}, "timestamp": 1771865819407.1033}
{"sessionId": "9a4852", "location": "pidk_data.py:build_pidk_payload", "message": "step_package_type_before", "data": {"hypothesisId": "H1"}, "timestamp": 1771865823212.0024}
{"sessionId": "9a4852", "location": "pidk_data.py:build_pidk_payload", "message": "step_package_type_done", "data": {"hypothesisId": "H1"}, "timestamp": 1771865823212.5781}
{"sessionId": "9a4852", "location": "pidk_data.py:build_pidk_payload", "message": "step_sizer_matrix_before", "data": {"hypothesisId": "H2"}, "timestamp": 1771865837025.9932}
{"sessionId": "9a4852", "location": "pidk_data.py:build_pidk_payload", "message": "step_sizer_matrix_done", "data": {"hypothesisId": "H2"}, "timestamp": 1771865837036.1409}
{"sessionId": "9a4852", "location": "pidk_data.py:build_pidk_payload", "message": "step_bph_before", "data": {"hypothesisId": "H4"}, "timestamp": 1771865843332.459}
{"sessionId": "9a4852", "location": "pidk_data.py:build_pidk_payload", "message": "step_bph_done", "data": {"hypothesisId": "H4"}, "timestamp": 1771865843344.7087}
{"sessionId": "9a4852", "location": "pidk_data.py:_refresh_cache_pidk_today", "message": "build_pidk_payload_done", "data": {"h": "success"}, "timestamp": 1771865843344.7087}
{"sessionId": "9a4852", "location": "pidk_data.py:_refresh_cache_pidk_today", "message": "build_pidk_payload_start", "data": {"h": "entry"}, "timestamp": 1771865853006.515}
{"sessionId": "9a4852", "location": "pidk_data.py:_refresh_cache_pidk_today", "message": "pidk_error", "data": {"h": "traceback", "error": "name '_step_log' is not defined", "traceback": "Traceback (most recent call last):\n  File \"C:\\Users\\natha\\OneDrive\\Desktop\\dash_app_cursor\\dashapp\\services\\pidk_data.py\", line 765, in _refresh_cache_pidk_today\n  File \"C:\\Users\\natha\\OneDrive\\Desktop\\dash_app_cursor\\dashapp\\services\\pidk_data.py\", line 702, in build_pidk_payload\n    payload[\"employee\"] = build_employee_summary_table(compute_employee_summary(emp_df))\n    ^^^^^^^^^\nNameError: name '_step_log' is not defined\n"}, "timestamp": 1771865873496.17}
{"sessionId": "9a4852", "location": "pidk_data.py:_refresh_cache_pidk_today", "message": "build_pidk_payload_start", "data": {"h": "entry"}, "timestamp": 1771866113628.6353}
{"sessionId": "9a4852", "location": "pidk_data.py:build_pidk_payload", "message": "step_run_totals", "data": {"hypothesisId": "H1"}, "timestamp": 1771866113628.6353}
{"sessionId": "9a4852", "location": "pidk_data.py:build_pidk_payload", "message": "step_run_table", "data": {"hypothesisId": "H2"}, "timestamp": 1771866130559.835}
{"sessionId": "9a4852", "location": "pidk_data.py:build_pidk_payload", "message": "step_shift_table", "data": {"hypothesisId": "H2"}, "timestamp": 1771866130562.015}
{"sessionId": "9a4852", "location": "pidk_data.py:build_pidk_payload", "message": "step_employee_before", "data": {"hypothesisId": "H3"}, "timestamp": 1771866137890.7126}
{"sessionId": "9a4852", "location": "pidk_data.py:build_pidk_payload", "message": "step_employee_done", "data": {"hypothesisId": "H3"}, "timestamp": 1771866137895.0093}
{"sessionId": "9a4852", "location": "pidk_data.py:build_pidk_payload", "message": "step_package_type_before", "data": {"hypothesisId": "H1"}, "timestamp": 1771866143417.0232}
{"sessionId": "9a4852", "location": "pidk_data.py:build_pidk_payload", "message": "step_package_type_done", "data": {"hypothesisId": "H1"}, "timestamp": 1771866143417.0232}
{"sessionId": "9a4852", "location": "pidk_data.py:build_pidk_payload", "message": "step_sizer_matrix_before", "data": {"hypothesisId": "H2"}, "timestamp": 1771866168579.438}
{"sessionId": "9a4852", "location": "pidk_data.py:build_pidk_payload", "message": "step_sizer_matrix_done", "data": {"hypothesisId": "H2"}, "timestamp": 1771866168602.6619}
{"sessionId": "9a4852", "location": "pidk_data.py:_refresh_cache_pidk_today", "message": "build_pidk_payload_start", "data": {"h": "entry"}, "timestamp": 1771866173497.4856}
{"sessionId": "9a4852", "location": "pidk_data.py:build_pidk_payload", "message": "step_bph_before", "data": {"hypothesisId": "H4"}, "timestamp": 1771866182473.5923}
{"sessionId": "9a4852", "location": "pidk_data.py:build_pidk_payload", "message": "step_bph_done", "data": {"hypothesisId": "H4"}, "timestamp": 1771866182479.1199}
{"sessionId": "9a4852", "location": "pidk_data.py:_refresh_cache_pidk_today", "message": "build_pidk_payload_done", "data": {"h": "success"}, "timestamp": 1771866182480.1978}
{"sessionId": "9a4852", "location": "pidk_data.py:_refresh_cache_pidk_today", "message": "build_pidk_payload_start", "data": {"h": "entry"}, "timestamp": 1771866482480.8718}
{"sessionId": "9a4852", "location": "pidk_data.py:build_pidk_payload", "message": "step_run_totals", "data": {"hypothesisId": "H1"}, "timestamp": 1771866482481.9392}
{"sessionId": "9a4852", "location": "pidk_data.py:build_pidk_payload", "message": "step_run_table", "data": {"hypothesisId": "H2"}, "timestamp": 1771866498279.6846}
{"sessionId": "9a4852", "location": "pidk_data.py:build_pidk_payload", "message": "step_shift_table", "data": {"hypothesisId": "H2"}, "timestamp": 1771866498282.252}
{"sessionId": "9a4852", "location": "pidk_data.py:build_pidk_payload", "message": "step_employee_before", "data": {"hypothesisId": "H3"}, "timestamp": 1771866504394.6536}
{"sessionId": "9a4852", "location": "pidk_data.py:build_pidk_payload", "message": "step_employee_done", "data": {"hypothesisId": "H3"}, "timestamp": 1771866504399.2278}
{"sessionId": "9a4852", "location": "pidk_data.py:build_pidk_payload", "message": "step_package_type_before", "data": {"hypothesisId": "H1"}, "timestamp": 1771866507798.0825}
{"sessionId": "9a4852", "location": "pidk_data.py:build_pidk_payload", "message": "step_package_type_done", "data": {"hypothesisId": "H1"}, "timestamp": 1771866507798.6162}
{"sessionId": "9a4852", "location": "pidk_data.py:build_pidk_payload", "message": "step_sizer_matrix_before", "data": {"hypothesisId": "H2"}, "timestamp": 1771866527818.2358}
{"sessionId": "9a4852", "location": "pidk_data.py:build_pidk_payload", "message": "step_sizer_matrix_done", "data": {"hypothesisId": "H2"}, "timestamp": 1771866527828.0942}
{"sessionId": "9a4852", "location": "pidk_data.py:build_pidk_payload", "message": "step_bph_before", "data": {"hypothesisId": "H4"}, "timestamp": 1771866534088.9133}
{"sessionId": "9a4852", "location": "pidk_data.py:build_pidk_payload", "message": "step_bph_done", "data": {"hypothesisId": "H4"}, "timestamp": 1771866534094.884}
{"sessionId": "9a4852", "location": "pidk_data.py:_refresh_cache_pidk_today", "message": "build_pidk_payload_done", "data": {"h": "success"}, "timestamp": 1771866534095.9749}
