{"sessionId": "2348d0", "runId": "pre-fix", "hypothesisId": "H3", "location": "callbacks/pidk.py:update_pidk", "message": "pidk data/table callback fired", "data": {"triggered_id": "pidk-selected-run", "day_label": "TODAY", "has_selected_run": false, "has_selected_shift": false}, "timestamp": 1771706869437}
{"sessionId": "2348d0", "runId": "pre-fix", "hypothesisId": "H3", "location": "callbacks/pidk.py:update_run_slicer_options", "message": "run slicer options rebuilt", "data": {"run_data_len": 3}, "timestamp": 1771706869866}
{"sessionId": "2348d0", "runId": "pre-fix", "hypothesisId": "H3", "location": "callbacks/pidk.py:update_shift_slicer_options", "message": "shift slicer options rebuilt", "data": {"shift_data_len": 1}, "timestamp": 1771706870055}
{"sessionId": "2348d0", "runId": "pre-fix", "hypothesisId": "H1", "location": "callbacks/pidk.py:update_selection_from_run_slicer", "message": "run slicer callback entry", "data": {"value": "run|2026-02-21-1-0065|2026-02-21-1|0065", "run_data_len": 3, "triggered_id": "pidk-run-slicer"}, "timestamp": 1771706874571}
{"sessionId": "2348d0", "runId": "pre-fix", "hypothesisId": "H1", "location": "callbacks/pidk.py:update_selection_from_run_slicer", "message": "run slicer resolved row and forcing shift ALL", "data": {"value": "run|2026-02-21-1-0065|2026-02-21-1|0065", "resolved_run_key": "2026-02-21-1-0065", "resolved_packdate_run_key": "2026-02-21-1"}, "timestamp": 1771706874571}
{"sessionId": "2348d0", "runId": "pre-fix", "hypothesisId": "H3", "location": "callbacks/pidk.py:update_pidk", "message": "pidk data/table callback fired", "data": {"triggered_id": "pidk-selected-run", "day_label": "TODAY", "has_selected_run": true, "has_selected_shift": false}, "timestamp": 1771706874926}
{"sessionId": "2348d0", "runId": "pre-fix", "hypothesisId": "H1", "location": "callbacks/pidk.py:update_selection_from_shift_slicer", "message": "shift slicer callback entry", "data": {"value": "ALL", "shift_data_len": 1, "triggered_id": "pidk-shift-slicer"}, "timestamp": 1771706875263}
{"sessionId": "2348d0", "runId": "pre-fix", "hypothesisId": "H1", "location": "callbacks/pidk.py:update_selection_from_shift_slicer", "message": "shift slicer ALL branch - no_update for run (avoid reset loop)", "data": {"value": "ALL"}, "timestamp": 1771706875263}
{"sessionId": "2348d0", "runId": "pre-fix", "hypothesisId": "H3", "location": "callbacks/pidk.py:update_run_slicer_options", "message": "run slicer options rebuilt", "data": {"run_data_len": 3}, "timestamp": 1771706875438}
{"sessionId": "2348d0", "runId": "pre-fix", "hypothesisId": "H3", "location": "callbacks/pidk.py:update_shift_slicer_options", "message": "shift slicer options rebuilt", "data": {"shift_data_len": 1}, "timestamp": 1771706875439}
{"sessionId": "2348d0", "runId": "pre-fix", "hypothesisId": "H3", "location": "callbacks/pidk.py:update_pidk", "message": "pidk data/table callback fired", "data": {"triggered_id": "pidk-selected-shift", "day_label": "TODAY", "has_selected_run": true, "has_selected_shift": false}, "timestamp": 1771706875588}
{"sessionId": "2348d0", "runId": "pre-fix", "hypothesisId": "H3", "location": "callbacks/pidk.py:update_run_slicer_options", "message": "run slicer options rebuilt", "data": {"run_data_len": 3}, "timestamp": 1771706875942}
{"sessionId": "2348d0", "runId": "pre-fix", "hypothesisId": "H3", "location": "callbacks/pidk.py:update_shift_slicer_options", "message": "shift slicer options rebuilt", "data": {"shift_data_len": 1}, "timestamp": 1771706875998}
{"sessionId": "2348d0", "runId": "pre-fix", "hypothesisId": "H1", "location": "callbacks/pidk.py:update_selection_from_run_slicer", "message": "run slicer callback entry", "data": {"value": "run|2026-02-21-1-4005|2026-02-21-1|4005", "run_data_len": 3, "triggered_id": "pidk-run-slicer"}, "timestamp": 1771706881145}
{"sessionId": "2348d0", "runId": "pre-fix", "hypothesisId": "H1", "location": "callbacks/pidk.py:update_selection_from_run_slicer", "message": "run slicer resolved row and forcing shift ALL", "data": {"value": "run|2026-02-21-1-4005|2026-02-21-1|4005", "resolved_run_key": "2026-02-21-1-4005", "resolved_packdate_run_key": "2026-02-21-1"}, "timestamp": 1771706881145}
{"sessionId": "2348d0", "runId": "pre-fix", "hypothesisId": "H3", "location": "callbacks/pidk.py:update_pidk", "message": "pidk data/table callback fired", "data": {"triggered_id": "pidk-selected-run", "day_label": "TODAY", "has_selected_run": true, "has_selected_shift": false}, "timestamp": 1771706881327}
{"sessionId": "2348d0", "runId": "pre-fix", "hypothesisId": "H1", "location": "callbacks/pidk.py:update_selection_from_shift_slicer", "message": "shift slicer callback entry", "data": {"value": "ALL", "shift_data_len": 1, "triggered_id": "pidk-shift-slicer"}, "timestamp": 1771706881653}
{"sessionId": "2348d0", "runId": "pre-fix", "hypothesisId": "H1", "location": "callbacks/pidk.py:update_selection_from_shift_slicer", "message": "shift slicer ALL branch - no_update for run (avoid reset loop)", "data": {"value": "ALL"}, "timestamp": 1771706881658}
{"sessionId": "2348d0", "runId": "pre-fix", "hypothesisId": "H3", "location": "callbacks/pidk.py:update_run_slicer_options", "message": "run slicer options rebuilt", "data": {"run_data_len": 3}, "timestamp": 1771706881818}
{"sessionId": "2348d0", "runId": "pre-fix", "hypothesisId": "H3", "location": "callbacks/pidk.py:update_shift_slicer_options", "message": "shift slicer options rebuilt", "data": {"shift_data_len": 1}, "timestamp": 1771706881826}
{"sessionId": "2348d0", "runId": "pre-fix", "hypothesisId": "H3", "location": "callbacks/pidk.py:update_pidk", "message": "pidk data/table callback fired", "data": {"triggered_id": "pidk-selected-shift", "day_label": "TODAY", "has_selected_run": true, "has_selected_shift": false}, "timestamp": 1771706882009}
{"sessionId": "2348d0", "runId": "pre-fix", "hypothesisId": "H3", "location": "callbacks/pidk.py:update_run_slicer_options", "message": "run slicer options rebuilt", "data": {"run_data_len": 3}, "timestamp": 1771706882361}
{"sessionId": "2348d0", "runId": "pre-fix", "hypothesisId": "H3", "location": "callbacks/pidk.py:update_shift_slicer_options", "message": "shift slicer options rebuilt", "data": {"shift_data_len": 1}, "timestamp": 1771706882455}
{"sessionId": "2348d0", "runId": "pre-fix", "hypothesisId": "H1", "location": "callbacks/pidk.py:update_selection_from_run_slicer", "message": "run slicer callback entry", "data": {"value": "run|2026-02-21-1-0007|2026-02-21-1|0007", "run_data_len": 3, "triggered_id": "pidk-run-slicer"}, "timestamp": 1771706895439}
{"sessionId": "2348d0", "runId": "pre-fix", "hypothesisId": "H1", "location": "callbacks/pidk.py:update_selection_from_run_slicer", "message": "run slicer resolved row and forcing shift ALL", "data": {"value": "run|2026-02-21-1-0007|2026-02-21-1|0007", "resolved_run_key": "2026-02-21-1-0007", "resolved_packdate_run_key": "2026-02-21-1"}, "timestamp": 1771706895439}
{"sessionId": "2348d0", "runId": "pre-fix", "hypothesisId": "H3", "location": "callbacks/pidk.py:update_pidk", "message": "pidk data/table callback fired", "data": {"triggered_id": "pidk-selected-run", "day_label": "TODAY", "has_selected_run": true, "has_selected_shift": false}, "timestamp": 1771706895792}
{"sessionId": "2348d0", "runId": "pre-fix", "hypothesisId": "H1", "location": "callbacks/pidk.py:update_selection_from_shift_slicer", "message": "shift slicer callback entry", "data": {"value": "ALL", "shift_data_len": 1, "triggered_id": "pidk-shift-slicer"}, "timestamp": 1771706896111}
{"sessionId": "2348d0", "runId": "pre-fix", "hypothesisId": "H1", "location": "callbacks/pidk.py:update_selection_from_shift_slicer", "message": "shift slicer ALL branch - no_update for run (avoid reset loop)", "data": {"value": "ALL"}, "timestamp": 1771706896116}
{"sessionId": "2348d0", "runId": "pre-fix", "hypothesisId": "H3", "location": "callbacks/pidk.py:update_run_slicer_options", "message": "run slicer options rebuilt", "data": {"run_data_len": 3}, "timestamp": 1771706896311}
{"sessionId": "2348d0", "runId": "pre-fix", "hypothesisId": "H3", "location": "callbacks/pidk.py:update_shift_slicer_options", "message": "shift slicer options rebuilt", "data": {"shift_data_len": 1}, "timestamp": 1771706896429}
{"sessionId": "2348d0", "runId": "pre-fix", "hypothesisId": "H3", "location": "callbacks/pidk.py:update_pidk", "message": "pidk data/table callback fired", "data": {"triggered_id": "pidk-selected-shift", "day_label": "TODAY", "has_selected_run": true, "has_selected_shift": false}, "timestamp": 1771706896438}
{"sessionId": "2348d0", "runId": "pre-fix", "hypothesisId": "H3", "location": "callbacks/pidk.py:update_run_slicer_options", "message": "run slicer options rebuilt", "data": {"run_data_len": 3}, "timestamp": 1771706896793}
{"sessionId": "2348d0", "runId": "pre-fix", "hypothesisId": "H3", "location": "callbacks/pidk.py:update_shift_slicer_options", "message": "shift slicer options rebuilt", "data": {"shift_data_len": 1}, "timestamp": 1771706896848}
{"sessionId": "2348d0", "runId": "pre-fix", "hypothesisId": "H1", "location": "callbacks/pidk.py:update_selection_from_run_slicer", "message": "run slicer callback entry", "data": {"value": "run|2026-02-21-1-4005|2026-02-21-1|4005", "run_data_len": 3, "triggered_id": "pidk-run-slicer"}, "timestamp": 1771706900906}
{"sessionId": "2348d0", "runId": "pre-fix", "hypothesisId": "H1", "location": "callbacks/pidk.py:update_selection_from_run_slicer", "message": "run slicer resolved row and forcing shift ALL", "data": {"value": "run|2026-02-21-1-4005|2026-02-21-1|4005", "resolved_run_key": "2026-02-21-1-4005", "resolved_packdate_run_key": "2026-02-21-1"}, "timestamp": 1771706900906}
{"sessionId": "2348d0", "runId": "pre-fix", "hypothesisId": "H3", "location": "callbacks/pidk.py:update_pidk", "message": "pidk data/table callback fired", "data": {"triggered_id": "pidk-selected-run", "day_label": "TODAY", "has_selected_run": true, "has_selected_shift": false}, "timestamp": 1771706901162}
{"sessionId": "2348d0", "runId": "pre-fix", "hypothesisId": "H1", "location": "callbacks/pidk.py:update_selection_from_shift_slicer", "message": "shift slicer callback entry", "data": {"value": "ALL", "shift_data_len": 1, "triggered_id": "pidk-shift-slicer"}, "timestamp": 1771706901488}
{"sessionId": "2348d0", "runId": "pre-fix", "hypothesisId": "H1", "location": "callbacks/pidk.py:update_selection_from_shift_slicer", "message": "shift slicer ALL branch - no_update for run (avoid reset loop)", "data": {"value": "ALL"}, "timestamp": 1771706901488}
{"sessionId": "2348d0", "runId": "pre-fix", "hypothesisId": "H3", "location": "callbacks/pidk.py:update_run_slicer_options", "message": "run slicer options rebuilt", "data": {"run_data_len": 3}, "timestamp": 1771706901565}
{"sessionId": "2348d0", "runId": "pre-fix", "hypothesisId": "H3", "location": "callbacks/pidk.py:update_shift_slicer_options", "message": "shift slicer options rebuilt", "data": {"shift_data_len": 1}, "timestamp": 1771706901565}
{"sessionId": "2348d0", "runId": "pre-fix", "hypothesisId": "H3", "location": "callbacks/pidk.py:update_pidk", "message": "pidk data/table callback fired", "data": {"triggered_id": "pidk-selected-shift", "day_label": "TODAY", "has_selected_run": true, "has_selected_shift": false}, "timestamp": 1771706901815}
{"sessionId": "2348d0", "runId": "pre-fix", "hypothesisId": "H3", "location": "callbacks/pidk.py:update_run_slicer_options", "message": "run slicer options rebuilt", "data": {"run_data_len": 3}, "timestamp": 1771706902206}
{"sessionId": "2348d0", "runId": "pre-fix", "hypothesisId": "H3", "location": "callbacks/pidk.py:update_shift_slicer_options", "message": "shift slicer options rebuilt", "data": {"shift_data_len": 1}, "timestamp": 1771706902206}
{"sessionId": "2348d0", "runId": "pre-fix", "hypothesisId": "H3", "location": "callbacks/pidk.py:update_pidk", "message": "pidk data/table callback fired", "data": {"triggered_id": "pidk-selected-run", "day_label": "TODAY", "has_selected_run": false, "has_selected_shift": false}, "timestamp": 1771706925285}
{"sessionId": "2348d0", "runId": "pre-fix", "hypothesisId": "H3", "location": "callbacks/pidk.py:update_run_slicer_options", "message": "run slicer options rebuilt", "data": {"run_data_len": 3}, "timestamp": 1771706925673}
{"sessionId": "2348d0", "runId": "pre-fix", "hypothesisId": "H3", "location": "callbacks/pidk.py:update_shift_slicer_options", "message": "shift slicer options rebuilt", "data": {"shift_data_len": 1}, "timestamp": 1771706925737}
